<?xml version="1.0" encoding="UTF-8"?>
<!-- Generated by org.testng.reporters.JUnitReportReporter -->
<testsuite hostname="DESKTOP-10OIFKK" failures="0" tests="6" name="BasicTest.TestBookLibraryAPI" time="3.750" errors="0" timestamp="2025-05-27T09:33:20 IST" skipped="0">
  <testcase classname="BasicTest.TestBookLibraryAPI" name="Test_DeleteBook" time="0.139"/>
  <testcase classname="BasicTest.TestBookLibraryAPI" name="Test_addBookInLibrary" time="0.144"/>
  <testcase classname="BasicTest.TestBookLibraryAPI" name="Test_addBookInLibrary" time="2.154"/>
  <testcase classname="BasicTest.TestBookLibraryAPI" name="Test_DeleteBook" time="0.139"/>
  <testcase classname="BasicTest.TestBookLibraryAPI" name="Test_DeleteBook" time="1.022"/>
  <testcase classname="BasicTest.TestBookLibraryAPI" name="Test_addBookInLibrary" time="0.152"/>
</testsuite> <!-- BasicTest.TestBookLibraryAPI -->
