<?xml version="1.0" encoding="UTF-8"?>
<!-- Generated by org.testng.reporters.JUnitReportReporter -->
<testsuite hostname="DESKTOP-10OIFKK" failures="0" tests="2" name="BasicTest.TestBookLibraryAPITestingWithJsonData" time="5.560" errors="0" timestamp="2025-05-26T11:02:10 IST" skipped="0">
  <testcase classname="BasicTest.TestBookLibraryAPITestingWithJsonData" name="Test_DeleteBook" time="1.592"/>
  <testcase classname="BasicTest.TestBookLibraryAPITestingWithJsonData" name="Test_addBookInLibrary" time="3.968"/>
</testsuite> <!-- BasicTest.TestBookLibraryAPITestingWithJsonData -->
