<?xml version="1.0" encoding="UTF-8"?>
<!-- Generated by org.testng.reporters.JUnitReportReporter -->
<testsuite hostname="DESKTOP-10OIFKK" failures="0" tests="6" name="BasicTest.TestBookLibraryAPI" time="10.046" errors="0" timestamp="2025-05-26T10:47:18 IST" skipped="0">
  <testcase classname="BasicTest.TestBookLibraryAPI" name="Test_DeleteBook" time="0.178"/>
  <testcase classname="BasicTest.TestBookLibraryAPI" name="Test_DeleteBook" time="0.196"/>
  <testcase classname="BasicTest.TestBookLibraryAPI" name="Test_addBookInLibrary" time="0.171"/>
  <testcase classname="BasicTest.TestBookLibraryAPI" name="Test_DeleteBook" time="1.684"/>
  <testcase classname="BasicTest.TestBookLibraryAPI" name="Test_addBookInLibrary" time="7.636"/>
  <testcase classname="BasicTest.TestBookLibraryAPI" name="Test_addBookInLibrary" time="0.181"/>
</testsuite> <!-- BasicTest.TestBookLibraryAPI -->
